<?xml version="1.0" encoding="UTF-8"?>
<!-- Generated by org.testng.reporters.JUnitReportReporter -->
<testsuite hostname="DESKTOP-T4OUUEL" failures="0" tests="1" name="tests.DivercityTests" time="4.490" errors="0" timestamp="2021-05-30T04:28:37 EDT" skipped="0">
  <testcase classname="tests.DivercityTests" name="TestFooterLinks" time="4.490"/>
  <system-out/>
</testsuite> <!-- tests.DivercityTests -->
